<?xml version="1.0" encoding="UTF-8"?>
<!-- Generated by org.testng.reporters.JUnitXMLReporter -->
<testsuite ignored="0" hostname="MIGHTYSURYA11" failures="0" tests="3" name="Default test" time="6.155" errors="0" timestamp="2024-07-07T00:50:15 IST">
  <testcase classname="Questions.MouseHower" name="main" time="0.456"/>
  <testcase classname="Questions.MouseHower" name="test2" time="0.277"/>
  <testcase classname="Questions.MouseHower" name="test3" time="0.216"/>
</testsuite> <!-- Default test -->
