<?xml version="1.0" encoding="UTF-8"?>
<testng-results ignored="0" total="3" passed="3" failed="0" skipped="0">
  <reporter-output>
  </reporter-output>
  <suite started-at="2024-07-07T00:50:09 IST" name="Default suite" finished-at="2024-07-07T00:50:15 IST" duration-ms="6155">
    <groups>
    </groups>
    <test started-at="2024-07-07T00:50:09 IST" name="Default test" finished-at="2024-07-07T00:50:15 IST" duration-ms="6155">
      <class name="Questions.MouseHower">
        <test-method is-config="true" signature="bt()[pri:0, instance:Questions.MouseHower@5b1669c0]" started-at="2024-07-07T00:50:09 IST" name="bt" finished-at="2024-07-07T00:50:14 IST" duration-ms="4690" status="PASS">
          <reporter-output>
          </reporter-output>
        </test-method> <!-- bt -->
        <test-method signature="main()[pri:0, instance:Questions.MouseHower@5b1669c0]" started-at="2024-07-07T00:50:14 IST" name="main" finished-at="2024-07-07T00:50:14 IST" duration-ms="456" status="PASS">
          <reporter-output>
          </reporter-output>
        </test-method> <!-- main -->
        <test-method signature="test2()[pri:0, instance:Questions.MouseHower@5b1669c0]" started-at="2024-07-07T00:50:14 IST" name="test2" finished-at="2024-07-07T00:50:14 IST" duration-ms="277" status="PASS">
          <reporter-output>
          </reporter-output>
        </test-method> <!-- test2 -->
        <test-method signature="test3()[pri:0, instance:Questions.MouseHower@5b1669c0]" started-at="2024-07-07T00:50:14 IST" name="test3" finished-at="2024-07-07T00:50:15 IST" duration-ms="216" status="PASS">
          <reporter-output>
          </reporter-output>
        </test-method> <!-- test3 -->
        <test-method is-config="true" signature="at()[pri:0, instance:Questions.MouseHower@5b1669c0]" started-at="2024-07-07T00:50:15 IST" name="at" finished-at="2024-07-07T00:50:15 IST" duration-ms="398" status="PASS">
          <reporter-output>
          </reporter-output>
        </test-method> <!-- at -->
      </class> <!-- Questions.MouseHower -->
    </test> <!-- Default test -->
  </suite> <!-- Default suite -->
</testng-results>
